
> gigshield-api@2.0.0 dev
> nodemon server.js

[33m[nodemon] 3.1.14[39m
[33m[nodemon] to restart at any time, enter `rs`[39m
[33m[nodemon] watching path(s): *.*[39m
[33m[nodemon] watching extensions: js,mjs,cjs,json[39m
[32m[nodemon] starting `node server.js`[39m
✅ DB Loaded from file

🛡️  GigShield API   →  http://localhost:4000
   Status          →  http://localhost:4000/api/status
   Demo login      →  9876543210 / password123

🔍 [Real-Life Monitor] Active — Source: Mock (Demo Only)
⏳ Renew Scheduler started
⚠️  ML service unreachable at http://localhost:5000 — using local formulas
   To activate: cd ml-service && uvicorn main:app --port 5000
[0mGET /api/workers/zones [36m304[0m 9.197 ms - -[0m
[0mGET /favicon.ico [33m404[0m 1.036 ms - 150[0m
[0mGET /api/workers/zones [36m304[0m 0.168 ms - -[0m
[0mGET /api/workers/zones [36m304[0m 0.670 ms - -[0m
[0mPOST /api/auth/login [32m200[0m 91.477 ms - 494[0m
⚠️  No OPENWEATHER_API_KEY — using mock weather data
[0mGET /api/dashboard/worker [32m200[0m 6.750 ms - 1355[0m
[0mGET /api/dashboard/worker [32m200[0m 0.523 ms - 1355[0m
[0mGET /api/policies/active [36m304[0m 0.382 ms - -[0m
[0mGET /api/wallet/balance [32m200[0m 0.316 ms - 594[0m
[0mGET /api/policies/plans [32m200[0m 8.171 ms - 1594[0m
[0mGET /api/wallet/balance [36m304[0m 0.331 ms - -[0m
[0mGET /api/policies/active [36m304[0m 0.297 ms - -[0m
[0mGET /api/policies/plans [36m304[0m 0.396 ms - -[0m
